<?xml version="1.0" encoding="UTF-8"?>
<!-- Generated by org.testng.reporters.JUnitReportReporter -->
<testsuite hostname="PREDATOR" failures="0" tests="1" name="main.CourseOAUTH" time="2.016" errors="0" timestamp="2024-01-06T17:03:15 IST" skipped="0">
  <testcase classname="main.CourseOAUTH" name="getCourseDetails" time="2.016"/>
  <system-out/>
</testsuite> <!-- main.CourseOAUTH -->
