<?xml version="1.0" encoding="UTF-8"?>
<!-- Generated by org.testng.reporters.JUnitReportReporter -->
<testsuite hostname="PREDATOR" failures="0" tests="1" name="serilisation.RequestResponseBuilder" time="1.666" errors="0" timestamp="2024-01-07T11:53:48 IST" skipped="0">
  <testcase classname="serilisation.RequestResponseBuilder" name="AddAPI" time="1.666"/>
  <system-out/>
</testsuite> <!-- serilisation.RequestResponseBuilder -->
