<?xml version="1.0" encoding="UTF-8"?>
<!-- Generated by org.testng.reporters.JUnitReportReporter -->
<testsuite hostname="PREDATOR" failures="0" tests="1" name="OAUTH_decerilisation.CourseOAUTH" time="3.745" errors="0" timestamp="2025-04-18T08:55:59 IST" skipped="0">
  <testcase classname="OAUTH_decerilisation.CourseOAUTH" name="getCourseDetails" time="3.745"/>
  <system-out/>
</testsuite> <!-- OAUTH_decerilisation.CourseOAUTH -->
