<?xml version="1.0" encoding="UTF-8"?>
<!-- Generated by org.testng.reporters.JUnitReportReporter -->
<testsuite hostname="PREDATOR" failures="0" tests="1" name="serilisation.GoogleAddAPI" time="2.236" errors="0" timestamp="2024-05-08T17:15:04 IST" skipped="0">
  <testcase classname="serilisation.GoogleAddAPI" name="AddAPI" time="2.236"/>
  <system-out/>
</testsuite> <!-- serilisation.GoogleAddAPI -->
